[2022-02-09T08:52:08.175Z] Validating found git in: git
[2022-02-09T08:52:08.196Z] Using git 2.25.1 from git
[2022-02-09T08:52:08.222Z] > git rev-parse --git-dir [2ms]
[2022-02-09T08:52:08.225Z] Open repository: /home/pinakiguha/.nvm
[2022-02-09T08:52:08.277Z] > git symbolic-ref --short HEAD [1ms]
[2022-02-09T08:52:08.277Z] fatal: ref HEAD is not a symbolic ref
[2022-02-09T08:52:08.279Z] > git rev-parse HEAD [0ms]
[2022-02-09T08:52:08.283Z] > git remote --verbose [1ms]
[2022-02-09T08:52:08.284Z] > git for-each-ref --sort -committerdate --format %(refname) %(objectname) %(*objectname) [3ms]
[2022-02-09T08:52:08.287Z] > git config --get commit.template [1ms]
[2022-02-09T09:23:06.965Z] > git rev-parse --git-dir [0ms]
[2022-02-09T09:23:06.970Z] Open repository: /home/pinakiguha
[2022-02-09T09:23:07.021Z] > git symbolic-ref --short HEAD [2ms]
[2022-02-09T09:23:07.030Z] > git for-each-ref --format=%(refname)%00%(upstream:short)%00%(objectname)%00%(upstream:track) refs/heads/master refs/remotes/master [0ms]
[2022-02-09T09:23:07.041Z] > git remote --verbose [1ms]
[2022-02-09T09:23:07.041Z] > git for-each-ref --sort -committerdate --format %(refname) %(objectname) %(*objectname) [6ms]
[2022-02-09T09:23:07.297Z] > git config --get commit.template [17ms]
[2022-02-09T09:42:55.981Z] > git symbolic-ref --short HEAD [0ms]
[2022-02-09T09:42:55.986Z] > git for-each-ref --format=%(refname)%00%(upstream:short)%00%(objectname)%00%(upstream:track) refs/heads/master refs/remotes/master [0ms]
[2022-02-09T09:42:55.995Z] > git remote --verbose [2ms]
[2022-02-09T09:42:55.995Z] > git for-each-ref --sort -committerdate --format %(refname) %(objectname) %(*objectname) [6ms]
[2022-02-09T09:42:56.026Z] > git config --get commit.template [1ms]
[2022-02-09T09:43:01.044Z] > git symbolic-ref --short HEAD [0ms]
[2022-02-09T09:43:01.047Z] > git for-each-ref --format=%(refname)%00%(upstream:short)%00%(objectname)%00%(upstream:track) refs/heads/master refs/remotes/master [0ms]
[2022-02-09T09:43:01.053Z] > git remote --verbose [1ms]
[2022-02-09T09:43:01.053Z] > git for-each-ref --sort -committerdate --format %(refname) %(objectname) %(*objectname) [4ms]
[2022-02-09T09:43:01.072Z] > git config --get commit.template [0ms]
[2022-02-09T09:43:06.097Z] > git symbolic-ref --short HEAD [0ms]
[2022-02-09T09:43:06.100Z] > git for-each-ref --format=%(refname)%00%(upstream:short)%00%(objectname)%00%(upstream:track) refs/heads/master refs/remotes/master [0ms]
[2022-02-09T09:43:06.105Z] > git remote --verbose [1ms]
[2022-02-09T09:43:06.105Z] > git for-each-ref --sort -committerdate --format %(refname) %(objectname) %(*objectname) [3ms]
[2022-02-09T09:43:06.119Z] > git config --get commit.template [0ms]
[2022-02-09T09:43:11.142Z] > git symbolic-ref --short HEAD [0ms]
[2022-02-09T09:43:11.145Z] > git for-each-ref --format=%(refname)%00%(upstream:short)%00%(objectname)%00%(upstream:track) refs/heads/master refs/remotes/master [0ms]
[2022-02-09T09:43:11.150Z] > git remote --verbose [1ms]
[2022-02-09T09:43:11.150Z] > git for-each-ref --sort -committerdate --format %(refname) %(objectname) %(*objectname) [3ms]
[2022-02-09T09:43:11.167Z] > git config --get commit.template [3ms]
[2022-02-09T09:43:16.190Z] > git symbolic-ref --short HEAD [0ms]
[2022-02-09T09:43:16.194Z] > git for-each-ref --format=%(refname)%00%(upstream:short)%00%(objectname)%00%(upstream:track) refs/heads/master refs/remotes/master [1ms]
[2022-02-09T09:43:16.199Z] > git remote --verbose [1ms]
[2022-02-09T09:43:16.199Z] > git for-each-ref --sort -committerdate --format %(refname) %(objectname) %(*objectname) [3ms]
[2022-02-09T09:43:16.213Z] > git config --get commit.template [1ms]
[2022-02-09T09:43:21.239Z] > git symbolic-ref --short HEAD [1ms]
[2022-02-09T09:43:21.242Z] > git for-each-ref --format=%(refname)%00%(upstream:short)%00%(objectname)%00%(upstream:track) refs/heads/master refs/remotes/master [1ms]
[2022-02-09T09:43:21.246Z] > git remote --verbose [0ms]
[2022-02-09T09:43:21.246Z] > git for-each-ref --sort -committerdate --format %(refname) %(objectname) %(*objectname) [2ms]
[2022-02-09T09:43:21.263Z] > git config --get commit.template [3ms]
[2022-02-09T09:43:26.280Z] > git symbolic-ref --short HEAD [0ms]
[2022-02-09T09:43:26.284Z] > git for-each-ref --format=%(refname)%00%(upstream:short)%00%(objectname)%00%(upstream:track) refs/heads/master refs/remotes/master [1ms]
[2022-02-09T09:43:26.290Z] > git remote --verbose [2ms]
[2022-02-09T09:43:26.290Z] > git for-each-ref --sort -committerdate --format %(refname) %(objectname) %(*objectname) [3ms]
[2022-02-09T09:43:26.305Z] > git config --get commit.template [1ms]
[2022-02-09T09:43:31.324Z] > git symbolic-ref --short HEAD [0ms]
[2022-02-09T09:43:31.328Z] > git for-each-ref --format=%(refname)%00%(upstream:short)%00%(objectname)%00%(upstream:track) refs/heads/master refs/remotes/master [1ms]
[2022-02-09T09:43:31.333Z] > git remote --verbose [0ms]
[2022-02-09T09:43:31.334Z] > git for-each-ref --sort -committerdate --format %(refname) %(objectname) %(*objectname) [4ms]
[2022-02-09T09:43:31.350Z] > git config --get commit.template [0ms]
[2022-02-09T09:43:36.376Z] > git symbolic-ref --short HEAD [0ms]
[2022-02-09T09:43:36.380Z] > git for-each-ref --format=%(refname)%00%(upstream:short)%00%(objectname)%00%(upstream:track) refs/heads/master refs/remotes/master [1ms]
[2022-02-09T09:43:36.390Z] > git remote --verbose [5ms]
[2022-02-09T09:43:36.390Z] > git for-each-ref --sort -committerdate --format %(refname) %(objectname) %(*objectname) [7ms]
[2022-02-09T09:43:36.403Z] > git config --get commit.template [0ms]
[2022-02-09T09:43:41.432Z] > git symbolic-ref --short HEAD [0ms]
[2022-02-09T09:43:41.435Z] > git for-each-ref --format=%(refname)%00%(upstream:short)%00%(objectname)%00%(upstream:track) refs/heads/master refs/remotes/master [1ms]
[2022-02-09T09:43:41.441Z] > git remote --verbose [1ms]
[2022-02-09T09:43:41.441Z] > git for-each-ref --sort -committerdate --format %(refname) %(objectname) %(*objectname) [3ms]
[2022-02-09T09:43:41.461Z] > git config --get commit.template [4ms]
[2022-02-09T09:43:46.484Z] > git symbolic-ref --short HEAD [1ms]
[2022-02-09T09:43:46.488Z] > git for-each-ref --format=%(refname)%00%(upstream:short)%00%(objectname)%00%(upstream:track) refs/heads/master refs/remotes/master [1ms]
[2022-02-09T09:43:46.493Z] > git remote --verbose [1ms]
[2022-02-09T09:43:46.493Z] > git for-each-ref --sort -committerdate --format %(refname) %(objectname) %(*objectname) [3ms]
[2022-02-09T09:43:46.510Z] > git config --get commit.template [0ms]
[2022-02-09T09:43:51.534Z] > git symbolic-ref --short HEAD [1ms]
[2022-02-09T09:43:51.536Z] > git for-each-ref --format=%(refname)%00%(upstream:short)%00%(objectname)%00%(upstream:track) refs/heads/master refs/remotes/master [0ms]
[2022-02-09T09:43:51.541Z] > git remote --verbose [1ms]
[2022-02-09T09:43:51.541Z] > git for-each-ref --sort -committerdate --format %(refname) %(objectname) %(*objectname) [3ms]
[2022-02-09T09:43:51.555Z] > git config --get commit.template [1ms]
[2022-02-09T09:43:56.580Z] > git symbolic-ref --short HEAD [1ms]
[2022-02-09T09:43:56.584Z] > git for-each-ref --format=%(refname)%00%(upstream:short)%00%(objectname)%00%(upstream:track) refs/heads/master refs/remotes/master [1ms]
[2022-02-09T09:43:56.592Z] > git remote --verbose [3ms]
[2022-02-09T09:43:56.592Z] > git for-each-ref --sort -committerdate --format %(refname) %(objectname) %(*objectname) [5ms]
[2022-02-09T09:43:56.606Z] > git config --get commit.template [0ms]
[2022-02-09T09:44:01.630Z] > git symbolic-ref --short HEAD [0ms]
[2022-02-09T09:44:01.633Z] > git for-each-ref --format=%(refname)%00%(upstream:short)%00%(objectname)%00%(upstream:track) refs/heads/master refs/remotes/master [0ms]
[2022-02-09T09:44:01.638Z] > git remote --verbose [1ms]
[2022-02-09T09:44:01.638Z] > git for-each-ref --sort -committerdate --format %(refname) %(objectname) %(*objectname) [3ms]
[2022-02-09T09:44:01.651Z] > git config --get commit.template [0ms]
[2022-02-09T09:44:06.675Z] > git symbolic-ref --short HEAD [0ms]
[2022-02-09T09:44:06.679Z] > git for-each-ref --format=%(refname)%00%(upstream:short)%00%(objectname)%00%(upstream:track) refs/heads/master refs/remotes/master [1ms]
[2022-02-09T09:44:06.683Z] > git remote --verbose [0ms]
[2022-02-09T09:44:06.683Z] > git for-each-ref --sort -committerdate --format %(refname) %(objectname) %(*objectname) [2ms]
[2022-02-09T09:44:06.698Z] > git config --get commit.template [2ms]
[2022-02-09T09:44:11.720Z] > git symbolic-ref --short HEAD [0ms]
[2022-02-09T09:44:11.724Z] > git for-each-ref --format=%(refname)%00%(upstream:short)%00%(objectname)%00%(upstream:track) refs/heads/master refs/remotes/master [1ms]
[2022-02-09T09:44:11.729Z] > git remote --verbose [1ms]
[2022-02-09T09:44:11.729Z] > git for-each-ref --sort -committerdate --format %(refname) %(objectname) %(*objectname) [3ms]
[2022-02-09T09:44:11.741Z] > git config --get commit.template [1ms]
[2022-02-09T09:44:16.765Z] > git symbolic-ref --short HEAD [0ms]
[2022-02-09T09:44:16.769Z] > git for-each-ref --format=%(refname)%00%(upstream:short)%00%(objectname)%00%(upstream:track) refs/heads/master refs/remotes/master [1ms]
[2022-02-09T09:44:16.774Z] > git remote --verbose [1ms]
[2022-02-09T09:44:16.774Z] > git for-each-ref --sort -committerdate --format %(refname) %(objectname) %(*objectname) [3ms]
[2022-02-09T09:44:16.789Z] > git config --get commit.template [0ms]
